<?xml version="1.0" encoding="UTF-8"?>
<!-- Generated by org.testng.reporters.JUnitXMLReporter -->
<testsuite ignored="0" hostname="DESKTOP-93SRL2K" failures="1" tests="5" name="Test" time="34.916" errors="0" timestamp="2025-03-28T18:15:09 IST">
  <testcase classname="selenium.Webdriver" name="navigateToAnotherPage" time="1.586">
    <skipped/>
  </testcase> <!-- navigateToAnotherPage -->
  <testcase classname="selenium.Webdriver" name="navigateToAnotherPage" time="0.103">
    <skipped/>
  </testcase> <!-- navigateToAnotherPage -->
  <testcase classname="selenium.Webdriver" name="navigateToAnotherPage" time="0.078">
    <skipped/>
  </testcase> <!-- navigateToAnotherPage -->
  <testcase classname="selenium.Webdriver" name="navigateToAnotherPage" time="0.067">
    <failure type="java.lang.AssertionError" message="expected [true] but found [false]">
      <![CDATA[java.lang.AssertionError: expected [true] but found [false]
at selenium.Webdriver.navigateToAnotherPage(Webdriver.java:52)
at java.base/java.util.ArrayList.forEach(ArrayList.java:1596)
... Removed 29 stack frames]]>
    </failure>
  </testcase> <!-- navigateToAnotherPage -->
  <testcase classname="selenium.Webdriver" name="openGoogle" time="21.536"/>
</testsuite> <!-- Test -->
